<?xml version="1.0" encoding="UTF-8"?>
<testsuite xmlns:xsi="http://www.w3.org/2001/XMLSchema-instance" xsi:noNamespaceSchemaLocation="https://maven.apache.org/surefire/maven-surefire-plugin/xsd/surefire-test-report-3.0.xsd" version="3.0" name="com.virtual.threads.controller.ProductControllerTest" time="0.638" tests="3" errors="0" skipped="0" failures="0">
  <properties>
    <property name="java.specification.version" value="21"/>
    <property name="sun.jnu.encoding" value="UTF-8"/>
    <property name="java.class.path" value="/Users/johnbrixpomoy/Documents/Github/spring-boot-virtual-threads-boilerplate/target/test-classes:/Users/johnbrixpomoy/Documents/Github/spring-boot-virtual-threads-boilerplate/target/classes:/Users/johnbrixpomoy/.m2/repository/org/springframework/boot/spring-boot-starter-data-jpa/3.4.7-SNAPSHOT/spring-boot-starter-data-jpa-3.4.7-SNAPSHOT.jar:/Users/johnbrixpomoy/.m2/repository/org/springframework/boot/spring-boot-starter/3.4.7-SNAPSHOT/spring-boot-starter-3.4.7-SNAPSHOT.jar:/Users/johnbrixpomoy/.m2/repository/org/springframework/boot/spring-boot/3.4.7-SNAPSHOT/spring-boot-3.4.7-SNAPSHOT.jar:/Users/johnbrixpomoy/.m2/repository/org/springframework/boot/spring-boot-autoconfigure/3.4.7-SNAPSHOT/spring-boot-autoconfigure-3.4.7-SNAPSHOT.jar:/Users/johnbrixpomoy/.m2/repository/org/springframework/boot/spring-boot-starter-logging/3.4.7-SNAPSHOT/spring-boot-starter-logging-3.4.7-SNAPSHOT.jar:/Users/johnbrixpomoy/.m2/repository/org/apache/logging/log4j/log4j-to-slf4j/2.24.3/log4j-to-slf4j-2.24.3.jar:/Users/johnbrixpomoy/.m2/repository/org/apache/logging/log4j/log4j-api/2.24.3/log4j-api-2.24.3.jar:/Users/johnbrixpomoy/.m2/repository/org/slf4j/jul-to-slf4j/2.0.17/jul-to-slf4j-2.0.17.jar:/Users/johnbrixpomoy/.m2/repository/jakarta/annotation/jakarta.annotation-api/2.1.1/jakarta.annotation-api-2.1.1.jar:/Users/johnbrixpomoy/.m2/repository/org/yaml/snakeyaml/2.3/snakeyaml-2.3.jar:/Users/johnbrixpomoy/.m2/repository/org/springframework/boot/spring-boot-starter-jdbc/3.4.7-SNAPSHOT/spring-boot-starter-jdbc-3.4.7-SNAPSHOT.jar:/Users/johnbrixpomoy/.m2/repository/com/zaxxer/HikariCP/5.1.0/HikariCP-5.1.0.jar:/Users/johnbrixpomoy/.m2/repository/org/springframework/spring-jdbc/6.2.8/spring-jdbc-6.2.8.jar:/Users/johnbrixpomoy/.m2/repository/org/hibernate/orm/hibernate-core/6.6.18.Final/hibernate-core-6.6.18.Final.jar:/Users/johnbrixpomoy/.m2/repository/jakarta/persistence/jakarta.persistence-api/3.1.0/jakarta.persistence-api-3.1.0.jar:/Users/johnbrixpomoy/.m2/repository/jakarta/transaction/jakarta.transaction-api/2.0.1/jakarta.transaction-api-2.0.1.jar:/Users/johnbrixpomoy/.m2/repository/org/jboss/logging/jboss-logging/3.6.1.Final/jboss-logging-3.6.1.Final.jar:/Users/johnbrixpomoy/.m2/repository/org/hibernate/common/hibernate-commons-annotations/7.0.3.Final/hibernate-commons-annotations-7.0.3.Final.jar:/Users/johnbrixpomoy/.m2/repository/io/smallrye/jandex/3.2.0/jandex-3.2.0.jar:/Users/johnbrixpomoy/.m2/repository/com/fasterxml/classmate/1.7.0/classmate-1.7.0.jar:/Users/johnbrixpomoy/.m2/repository/net/bytebuddy/byte-buddy/1.15.11/byte-buddy-1.15.11.jar:/Users/johnbrixpomoy/.m2/repository/org/glassfish/jaxb/jaxb-runtime/4.0.5/jaxb-runtime-4.0.5.jar:/Users/johnbrixpomoy/.m2/repository/org/glassfish/jaxb/jaxb-core/4.0.5/jaxb-core-4.0.5.jar:/Users/johnbrixpomoy/.m2/repository/org/eclipse/angus/angus-activation/2.0.2/angus-activation-2.0.2.jar:/Users/johnbrixpomoy/.m2/repository/org/glassfish/jaxb/txw2/4.0.5/txw2-4.0.5.jar:/Users/johnbrixpomoy/.m2/repository/com/sun/istack/istack-commons-runtime/4.1.2/istack-commons-runtime-4.1.2.jar:/Users/johnbrixpomoy/.m2/repository/jakarta/inject/jakarta.inject-api/2.0.1/jakarta.inject-api-2.0.1.jar:/Users/johnbrixpomoy/.m2/repository/org/antlr/antlr4-runtime/4.13.0/antlr4-runtime-4.13.0.jar:/Users/johnbrixpomoy/.m2/repository/org/springframework/data/spring-data-jpa/3.4.7/spring-data-jpa-3.4.7.jar:/Users/johnbrixpomoy/.m2/repository/org/springframework/data/spring-data-commons/3.4.7/spring-data-commons-3.4.7.jar:/Users/johnbrixpomoy/.m2/repository/org/springframework/spring-orm/6.2.8/spring-orm-6.2.8.jar:/Users/johnbrixpomoy/.m2/repository/org/springframework/spring-context/6.2.8/spring-context-6.2.8.jar:/Users/johnbrixpomoy/.m2/repository/org/springframework/spring-tx/6.2.8/spring-tx-6.2.8.jar:/Users/johnbrixpomoy/.m2/repository/org/springframework/spring-beans/6.2.8/spring-beans-6.2.8.jar:/Users/johnbrixpomoy/.m2/repository/org/springframework/spring-aspects/6.2.8/spring-aspects-6.2.8.jar:/Users/johnbrixpomoy/.m2/repository/org/aspectj/aspectjweaver/1.9.24/aspectjweaver-1.9.24.jar:/Users/johnbrixpomoy/.m2/repository/org/springframework/boot/spring-boot-starter-web/3.4.7-SNAPSHOT/spring-boot-starter-web-3.4.7-SNAPSHOT.jar:/Users/johnbrixpomoy/.m2/repository/org/springframework/boot/spring-boot-starter-json/3.4.7-SNAPSHOT/spring-boot-starter-json-3.4.7-SNAPSHOT.jar:/Users/johnbrixpomoy/.m2/repository/com/fasterxml/jackson/core/jackson-databind/2.18.4/jackson-databind-2.18.4.jar:/Users/johnbrixpomoy/.m2/repository/com/fasterxml/jackson/core/jackson-annotations/2.18.4/jackson-annotations-2.18.4.jar:/Users/johnbrixpomoy/.m2/repository/com/fasterxml/jackson/core/jackson-core/2.18.4.1/jackson-core-2.18.4.1.jar:/Users/johnbrixpomoy/.m2/repository/com/fasterxml/jackson/datatype/jackson-datatype-jdk8/2.18.4/jackson-datatype-jdk8-2.18.4.jar:/Users/johnbrixpomoy/.m2/repository/com/fasterxml/jackson/datatype/jackson-datatype-jsr310/2.18.4/jackson-datatype-jsr310-2.18.4.jar:/Users/johnbrixpomoy/.m2/repository/com/fasterxml/jackson/module/jackson-module-parameter-names/2.18.4/jackson-module-parameter-names-2.18.4.jar:/Users/johnbrixpomoy/.m2/repository/org/springframework/boot/spring-boot-starter-tomcat/3.4.7-SNAPSHOT/spring-boot-starter-tomcat-3.4.7-SNAPSHOT.jar:/Users/johnbrixpomoy/.m2/repository/org/apache/tomcat/embed/tomcat-embed-core/10.1.42/tomcat-embed-core-10.1.42.jar:/Users/johnbrixpomoy/.m2/repository/org/apache/tomcat/embed/tomcat-embed-websocket/10.1.42/tomcat-embed-websocket-10.1.42.jar:/Users/johnbrixpomoy/.m2/repository/org/springframework/spring-web/6.2.8/spring-web-6.2.8.jar:/Users/johnbrixpomoy/.m2/repository/org/springframework/spring-webmvc/6.2.8/spring-webmvc-6.2.8.jar:/Users/johnbrixpomoy/.m2/repository/org/springframework/spring-expression/6.2.8/spring-expression-6.2.8.jar:/Users/johnbrixpomoy/.m2/repository/com/mysql/mysql-connector-j/9.1.0/mysql-connector-j-9.1.0.jar:/Users/johnbrixpomoy/.m2/repository/org/projectlombok/lombok/1.18.38/lombok-1.18.38.jar:/Users/johnbrixpomoy/.m2/repository/org/springframework/boot/spring-boot-starter-test/3.4.7-SNAPSHOT/spring-boot-starter-test-3.4.7-SNAPSHOT.jar:/Users/johnbrixpomoy/.m2/repository/org/springframework/boot/spring-boot-test/3.4.7-SNAPSHOT/spring-boot-test-3.4.7-SNAPSHOT.jar:/Users/johnbrixpomoy/.m2/repository/org/springframework/boot/spring-boot-test-autoconfigure/3.4.7-SNAPSHOT/spring-boot-test-autoconfigure-3.4.7-SNAPSHOT.jar:/Users/johnbrixpomoy/.m2/repository/com/jayway/jsonpath/json-path/2.9.0/json-path-2.9.0.jar:/Users/johnbrixpomoy/.m2/repository/jakarta/xml/bind/jakarta.xml.bind-api/4.0.2/jakarta.xml.bind-api-4.0.2.jar:/Users/johnbrixpomoy/.m2/repository/jakarta/activation/jakarta.activation-api/2.1.3/jakarta.activation-api-2.1.3.jar:/Users/johnbrixpomoy/.m2/repository/net/minidev/json-smart/2.5.2/json-smart-2.5.2.jar:/Users/johnbrixpomoy/.m2/repository/net/minidev/accessors-smart/2.5.2/accessors-smart-2.5.2.jar:/Users/johnbrixpomoy/.m2/repository/org/ow2/asm/asm/9.7.1/asm-9.7.1.jar:/Users/johnbrixpomoy/.m2/repository/org/assertj/assertj-core/3.26.3/assertj-core-3.26.3.jar:/Users/johnbrixpomoy/.m2/repository/org/awaitility/awaitility/4.2.2/awaitility-4.2.2.jar:/Users/johnbrixpomoy/.m2/repository/org/hamcrest/hamcrest/2.2/hamcrest-2.2.jar:/Users/johnbrixpomoy/.m2/repository/org/junit/jupiter/junit-jupiter/5.11.4/junit-jupiter-5.11.4.jar:/Users/johnbrixpomoy/.m2/repository/org/junit/jupiter/junit-jupiter-api/5.11.4/junit-jupiter-api-5.11.4.jar:/Users/johnbrixpomoy/.m2/repository/org/opentest4j/opentest4j/1.3.0/opentest4j-1.3.0.jar:/Users/johnbrixpomoy/.m2/repository/org/junit/platform/junit-platform-commons/1.11.4/junit-platform-commons-1.11.4.jar:/Users/johnbrixpomoy/.m2/repository/org/apiguardian/apiguardian-api/1.1.2/apiguardian-api-1.1.2.jar:/Users/johnbrixpomoy/.m2/repository/org/junit/jupiter/junit-jupiter-params/5.11.4/junit-jupiter-params-5.11.4.jar:/Users/johnbrixpomoy/.m2/repository/org/junit/jupiter/junit-jupiter-engine/5.11.4/junit-jupiter-engine-5.11.4.jar:/Users/johnbrixpomoy/.m2/repository/org/junit/platform/junit-platform-engine/1.11.4/junit-platform-engine-1.11.4.jar:/Users/johnbrixpomoy/.m2/repository/org/mockito/mockito-core/5.14.2/mockito-core-5.14.2.jar:/Users/johnbrixpomoy/.m2/repository/net/bytebuddy/byte-buddy-agent/1.15.11/byte-buddy-agent-1.15.11.jar:/Users/johnbrixpomoy/.m2/repository/org/objenesis/objenesis/3.3/objenesis-3.3.jar:/Users/johnbrixpomoy/.m2/repository/org/mockito/mockito-junit-jupiter/5.14.2/mockito-junit-jupiter-5.14.2.jar:/Users/johnbrixpomoy/.m2/repository/org/skyscreamer/jsonassert/1.5.3/jsonassert-1.5.3.jar:/Users/johnbrixpomoy/.m2/repository/com/vaadin/external/google/android-json/0.0.20131108.vaadin1/android-json-0.0.20131108.vaadin1.jar:/Users/johnbrixpomoy/.m2/repository/org/springframework/spring-core/6.2.8/spring-core-6.2.8.jar:/Users/johnbrixpomoy/.m2/repository/org/springframework/spring-jcl/6.2.8/spring-jcl-6.2.8.jar:/Users/johnbrixpomoy/.m2/repository/org/springframework/spring-test/6.2.8/spring-test-6.2.8.jar:/Users/johnbrixpomoy/.m2/repository/org/xmlunit/xmlunit-core/2.10.2/xmlunit-core-2.10.2.jar:/Users/johnbrixpomoy/.m2/repository/org/springframework/boot/spring-boot-starter-actuator/3.4.7-SNAPSHOT/spring-boot-starter-actuator-3.4.7-SNAPSHOT.jar:/Users/johnbrixpomoy/.m2/repository/org/springframework/boot/spring-boot-actuator-autoconfigure/3.4.7-SNAPSHOT/spring-boot-actuator-autoconfigure-3.4.7-SNAPSHOT.jar:/Users/johnbrixpomoy/.m2/repository/org/springframework/boot/spring-boot-actuator/3.4.7-SNAPSHOT/spring-boot-actuator-3.4.7-SNAPSHOT.jar:/Users/johnbrixpomoy/.m2/repository/io/micrometer/micrometer-observation/1.14.8/micrometer-observation-1.14.8.jar:/Users/johnbrixpomoy/.m2/repository/io/micrometer/micrometer-commons/1.14.8/micrometer-commons-1.14.8.jar:/Users/johnbrixpomoy/.m2/repository/io/micrometer/micrometer-jakarta9/1.14.8/micrometer-jakarta9-1.14.8.jar:/Users/johnbrixpomoy/.m2/repository/org/mapstruct/mapstruct/1.5.5.Final/mapstruct-1.5.5.Final.jar:/Users/johnbrixpomoy/.m2/repository/org/mapstruct/mapstruct-processor/1.5.5.Final/mapstruct-processor-1.5.5.Final.jar:/Users/johnbrixpomoy/.m2/repository/org/mapstruct/mapstruct-jdk8/1.5.5.Final/mapstruct-jdk8-1.5.5.Final.jar:/Users/johnbrixpomoy/.m2/repository/org/projectlombok/lombok-mapstruct-binding/0.2.0/lombok-mapstruct-binding-0.2.0.jar:/Users/johnbrixpomoy/.m2/repository/ch/qos/logback/logback-classic/1.5.18/logback-classic-1.5.18.jar:/Users/johnbrixpomoy/.m2/repository/ch/qos/logback/logback-core/1.5.18/logback-core-1.5.18.jar:/Users/johnbrixpomoy/.m2/repository/org/slf4j/slf4j-api/2.0.17/slf4j-api-2.0.17.jar:/Users/johnbrixpomoy/.m2/repository/org/springframework/boot/spring-boot-starter-security/3.4.7-SNAPSHOT/spring-boot-starter-security-3.4.7-SNAPSHOT.jar:/Users/johnbrixpomoy/.m2/repository/org/springframework/spring-aop/6.2.8/spring-aop-6.2.8.jar:/Users/johnbrixpomoy/.m2/repository/org/springframework/security/spring-security-config/6.4.7/spring-security-config-6.4.7.jar:/Users/johnbrixpomoy/.m2/repository/org/springframework/security/spring-security-core/6.4.7/spring-security-core-6.4.7.jar:/Users/johnbrixpomoy/.m2/repository/org/springframework/security/spring-security-crypto/6.4.7/spring-security-crypto-6.4.7.jar:/Users/johnbrixpomoy/.m2/repository/org/springframework/security/spring-security-web/6.4.7/spring-security-web-6.4.7.jar:/Users/johnbrixpomoy/.m2/repository/io/micrometer/micrometer-registry-prometheus/1.14.8/micrometer-registry-prometheus-1.14.8.jar:/Users/johnbrixpomoy/.m2/repository/io/micrometer/micrometer-core/1.14.8/micrometer-core-1.14.8.jar:/Users/johnbrixpomoy/.m2/repository/org/hdrhistogram/HdrHistogram/2.2.2/HdrHistogram-2.2.2.jar:/Users/johnbrixpomoy/.m2/repository/org/latencyutils/LatencyUtils/2.0.3/LatencyUtils-2.0.3.jar:/Users/johnbrixpomoy/.m2/repository/io/prometheus/prometheus-metrics-core/1.3.8/prometheus-metrics-core-1.3.8.jar:/Users/johnbrixpomoy/.m2/repository/io/prometheus/prometheus-metrics-model/1.3.8/prometheus-metrics-model-1.3.8.jar:/Users/johnbrixpomoy/.m2/repository/io/prometheus/prometheus-metrics-config/1.3.8/prometheus-metrics-config-1.3.8.jar:/Users/johnbrixpomoy/.m2/repository/io/prometheus/prometheus-metrics-tracer-common/1.3.8/prometheus-metrics-tracer-common-1.3.8.jar:/Users/johnbrixpomoy/.m2/repository/io/prometheus/prometheus-metrics-exposition-formats/1.3.8/prometheus-metrics-exposition-formats-1.3.8.jar:/Users/johnbrixpomoy/.m2/repository/io/prometheus/prometheus-metrics-exposition-formats-no-protobuf/1.3.8/prometheus-metrics-exposition-formats-no-protobuf-1.3.8.jar:/Users/johnbrixpomoy/.m2/repository/io/prometheus/prometheus-metrics-exposition-textformats/1.3.8/prometheus-metrics-exposition-textformats-1.3.8.jar:/Users/johnbrixpomoy/.m2/repository/com/google/protobuf/protobuf-java/4.31.0/protobuf-java-4.31.0.jar:/Users/johnbrixpomoy/.m2/repository/org/mockito/mockito-inline/4.6.1/mockito-inline-4.6.1.jar:/Users/johnbrixpomoy/.m2/repository/org/springframework/boot/spring-boot-starter-validation/3.4.7-SNAPSHOT/spring-boot-starter-validation-3.4.7-SNAPSHOT.jar:/Users/johnbrixpomoy/.m2/repository/org/apache/tomcat/embed/tomcat-embed-el/10.1.42/tomcat-embed-el-10.1.42.jar:/Users/johnbrixpomoy/.m2/repository/org/hibernate/validator/hibernate-validator/8.0.2.Final/hibernate-validator-8.0.2.Final.jar:/Users/johnbrixpomoy/.m2/repository/jakarta/validation/jakarta.validation-api/3.0.2/jakarta.validation-api-3.0.2.jar:"/>
    <property name="java.vm.vendor" value="Oracle Corporation"/>
    <property name="sun.arch.data.model" value="64"/>
    <property name="java.vendor.url" value="https://java.oracle.com/"/>
    <property name="user.timezone" value="Asia/Manila"/>
    <property name="org.jboss.logging.provider" value="slf4j"/>
    <property name="os.name" value="Mac OS X"/>
    <property name="java.vm.specification.version" value="21"/>
    <property name="APPLICATION_NAME" value="demo"/>
    <property name="sun.java.launcher" value="SUN_STANDARD"/>
    <property name="user.country" value="PH"/>
    <property name="sun.boot.library.path" value="/Library/Java/JavaVirtualMachines/jdk-21.jdk/Contents/Home/lib"/>
    <property name="sun.java.command" value="/Users/johnbrixpomoy/Documents/Github/spring-boot-virtual-threads-boilerplate/target/surefire/surefirebooter5598471621218130457.jar /Users/johnbrixpomoy/Documents/Github/spring-boot-virtual-threads-boilerplate/target/surefire 2025-07-14T23-11-58_319-jvmRun1 surefire6590096639022470371tmp surefire_01617415729897041621tmp"/>
    <property name="http.nonProxyHosts" value="local|*.local|169.254/16|*.169.254/16"/>
    <property name="jdk.debug" value="release"/>
    <property name="surefire.test.class.path" value="/Users/johnbrixpomoy/Documents/Github/spring-boot-virtual-threads-boilerplate/target/test-classes:/Users/johnbrixpomoy/Documents/Github/spring-boot-virtual-threads-boilerplate/target/classes:/Users/johnbrixpomoy/.m2/repository/org/springframework/boot/spring-boot-starter-data-jpa/3.4.7-SNAPSHOT/spring-boot-starter-data-jpa-3.4.7-SNAPSHOT.jar:/Users/johnbrixpomoy/.m2/repository/org/springframework/boot/spring-boot-starter/3.4.7-SNAPSHOT/spring-boot-starter-3.4.7-SNAPSHOT.jar:/Users/johnbrixpomoy/.m2/repository/org/springframework/boot/spring-boot/3.4.7-SNAPSHOT/spring-boot-3.4.7-SNAPSHOT.jar:/Users/johnbrixpomoy/.m2/repository/org/springframework/boot/spring-boot-autoconfigure/3.4.7-SNAPSHOT/spring-boot-autoconfigure-3.4.7-SNAPSHOT.jar:/Users/johnbrixpomoy/.m2/repository/org/springframework/boot/spring-boot-starter-logging/3.4.7-SNAPSHOT/spring-boot-starter-logging-3.4.7-SNAPSHOT.jar:/Users/johnbrixpomoy/.m2/repository/org/apache/logging/log4j/log4j-to-slf4j/2.24.3/log4j-to-slf4j-2.24.3.jar:/Users/johnbrixpomoy/.m2/repository/org/apache/logging/log4j/log4j-api/2.24.3/log4j-api-2.24.3.jar:/Users/johnbrixpomoy/.m2/repository/org/slf4j/jul-to-slf4j/2.0.17/jul-to-slf4j-2.0.17.jar:/Users/johnbrixpomoy/.m2/repository/jakarta/annotation/jakarta.annotation-api/2.1.1/jakarta.annotation-api-2.1.1.jar:/Users/johnbrixpomoy/.m2/repository/org/yaml/snakeyaml/2.3/snakeyaml-2.3.jar:/Users/johnbrixpomoy/.m2/repository/org/springframework/boot/spring-boot-starter-jdbc/3.4.7-SNAPSHOT/spring-boot-starter-jdbc-3.4.7-SNAPSHOT.jar:/Users/johnbrixpomoy/.m2/repository/com/zaxxer/HikariCP/5.1.0/HikariCP-5.1.0.jar:/Users/johnbrixpomoy/.m2/repository/org/springframework/spring-jdbc/6.2.8/spring-jdbc-6.2.8.jar:/Users/johnbrixpomoy/.m2/repository/org/hibernate/orm/hibernate-core/6.6.18.Final/hibernate-core-6.6.18.Final.jar:/Users/johnbrixpomoy/.m2/repository/jakarta/persistence/jakarta.persistence-api/3.1.0/jakarta.persistence-api-3.1.0.jar:/Users/johnbrixpomoy/.m2/repository/jakarta/transaction/jakarta.transaction-api/2.0.1/jakarta.transaction-api-2.0.1.jar:/Users/johnbrixpomoy/.m2/repository/org/jboss/logging/jboss-logging/3.6.1.Final/jboss-logging-3.6.1.Final.jar:/Users/johnbrixpomoy/.m2/repository/org/hibernate/common/hibernate-commons-annotations/7.0.3.Final/hibernate-commons-annotations-7.0.3.Final.jar:/Users/johnbrixpomoy/.m2/repository/io/smallrye/jandex/3.2.0/jandex-3.2.0.jar:/Users/johnbrixpomoy/.m2/repository/com/fasterxml/classmate/1.7.0/classmate-1.7.0.jar:/Users/johnbrixpomoy/.m2/repository/net/bytebuddy/byte-buddy/1.15.11/byte-buddy-1.15.11.jar:/Users/johnbrixpomoy/.m2/repository/org/glassfish/jaxb/jaxb-runtime/4.0.5/jaxb-runtime-4.0.5.jar:/Users/johnbrixpomoy/.m2/repository/org/glassfish/jaxb/jaxb-core/4.0.5/jaxb-core-4.0.5.jar:/Users/johnbrixpomoy/.m2/repository/org/eclipse/angus/angus-activation/2.0.2/angus-activation-2.0.2.jar:/Users/johnbrixpomoy/.m2/repository/org/glassfish/jaxb/txw2/4.0.5/txw2-4.0.5.jar:/Users/johnbrixpomoy/.m2/repository/com/sun/istack/istack-commons-runtime/4.1.2/istack-commons-runtime-4.1.2.jar:/Users/johnbrixpomoy/.m2/repository/jakarta/inject/jakarta.inject-api/2.0.1/jakarta.inject-api-2.0.1.jar:/Users/johnbrixpomoy/.m2/repository/org/antlr/antlr4-runtime/4.13.0/antlr4-runtime-4.13.0.jar:/Users/johnbrixpomoy/.m2/repository/org/springframework/data/spring-data-jpa/3.4.7/spring-data-jpa-3.4.7.jar:/Users/johnbrixpomoy/.m2/repository/org/springframework/data/spring-data-commons/3.4.7/spring-data-commons-3.4.7.jar:/Users/johnbrixpomoy/.m2/repository/org/springframework/spring-orm/6.2.8/spring-orm-6.2.8.jar:/Users/johnbrixpomoy/.m2/repository/org/springframework/spring-context/6.2.8/spring-context-6.2.8.jar:/Users/johnbrixpomoy/.m2/repository/org/springframework/spring-tx/6.2.8/spring-tx-6.2.8.jar:/Users/johnbrixpomoy/.m2/repository/org/springframework/spring-beans/6.2.8/spring-beans-6.2.8.jar:/Users/johnbrixpomoy/.m2/repository/org/springframework/spring-aspects/6.2.8/spring-aspects-6.2.8.jar:/Users/johnbrixpomoy/.m2/repository/org/aspectj/aspectjweaver/1.9.24/aspectjweaver-1.9.24.jar:/Users/johnbrixpomoy/.m2/repository/org/springframework/boot/spring-boot-starter-web/3.4.7-SNAPSHOT/spring-boot-starter-web-3.4.7-SNAPSHOT.jar:/Users/johnbrixpomoy/.m2/repository/org/springframework/boot/spring-boot-starter-json/3.4.7-SNAPSHOT/spring-boot-starter-json-3.4.7-SNAPSHOT.jar:/Users/johnbrixpomoy/.m2/repository/com/fasterxml/jackson/core/jackson-databind/2.18.4/jackson-databind-2.18.4.jar:/Users/johnbrixpomoy/.m2/repository/com/fasterxml/jackson/core/jackson-annotations/2.18.4/jackson-annotations-2.18.4.jar:/Users/johnbrixpomoy/.m2/repository/com/fasterxml/jackson/core/jackson-core/2.18.4.1/jackson-core-2.18.4.1.jar:/Users/johnbrixpomoy/.m2/repository/com/fasterxml/jackson/datatype/jackson-datatype-jdk8/2.18.4/jackson-datatype-jdk8-2.18.4.jar:/Users/johnbrixpomoy/.m2/repository/com/fasterxml/jackson/datatype/jackson-datatype-jsr310/2.18.4/jackson-datatype-jsr310-2.18.4.jar:/Users/johnbrixpomoy/.m2/repository/com/fasterxml/jackson/module/jackson-module-parameter-names/2.18.4/jackson-module-parameter-names-2.18.4.jar:/Users/johnbrixpomoy/.m2/repository/org/springframework/boot/spring-boot-starter-tomcat/3.4.7-SNAPSHOT/spring-boot-starter-tomcat-3.4.7-SNAPSHOT.jar:/Users/johnbrixpomoy/.m2/repository/org/apache/tomcat/embed/tomcat-embed-core/10.1.42/tomcat-embed-core-10.1.42.jar:/Users/johnbrixpomoy/.m2/repository/org/apache/tomcat/embed/tomcat-embed-websocket/10.1.42/tomcat-embed-websocket-10.1.42.jar:/Users/johnbrixpomoy/.m2/repository/org/springframework/spring-web/6.2.8/spring-web-6.2.8.jar:/Users/johnbrixpomoy/.m2/repository/org/springframework/spring-webmvc/6.2.8/spring-webmvc-6.2.8.jar:/Users/johnbrixpomoy/.m2/repository/org/springframework/spring-expression/6.2.8/spring-expression-6.2.8.jar:/Users/johnbrixpomoy/.m2/repository/com/mysql/mysql-connector-j/9.1.0/mysql-connector-j-9.1.0.jar:/Users/johnbrixpomoy/.m2/repository/org/projectlombok/lombok/1.18.38/lombok-1.18.38.jar:/Users/johnbrixpomoy/.m2/repository/org/springframework/boot/spring-boot-starter-test/3.4.7-SNAPSHOT/spring-boot-starter-test-3.4.7-SNAPSHOT.jar:/Users/johnbrixpomoy/.m2/repository/org/springframework/boot/spring-boot-test/3.4.7-SNAPSHOT/spring-boot-test-3.4.7-SNAPSHOT.jar:/Users/johnbrixpomoy/.m2/repository/org/springframework/boot/spring-boot-test-autoconfigure/3.4.7-SNAPSHOT/spring-boot-test-autoconfigure-3.4.7-SNAPSHOT.jar:/Users/johnbrixpomoy/.m2/repository/com/jayway/jsonpath/json-path/2.9.0/json-path-2.9.0.jar:/Users/johnbrixpomoy/.m2/repository/jakarta/xml/bind/jakarta.xml.bind-api/4.0.2/jakarta.xml.bind-api-4.0.2.jar:/Users/johnbrixpomoy/.m2/repository/jakarta/activation/jakarta.activation-api/2.1.3/jakarta.activation-api-2.1.3.jar:/Users/johnbrixpomoy/.m2/repository/net/minidev/json-smart/2.5.2/json-smart-2.5.2.jar:/Users/johnbrixpomoy/.m2/repository/net/minidev/accessors-smart/2.5.2/accessors-smart-2.5.2.jar:/Users/johnbrixpomoy/.m2/repository/org/ow2/asm/asm/9.7.1/asm-9.7.1.jar:/Users/johnbrixpomoy/.m2/repository/org/assertj/assertj-core/3.26.3/assertj-core-3.26.3.jar:/Users/johnbrixpomoy/.m2/repository/org/awaitility/awaitility/4.2.2/awaitility-4.2.2.jar:/Users/johnbrixpomoy/.m2/repository/org/hamcrest/hamcrest/2.2/hamcrest-2.2.jar:/Users/johnbrixpomoy/.m2/repository/org/junit/jupiter/junit-jupiter/5.11.4/junit-jupiter-5.11.4.jar:/Users/johnbrixpomoy/.m2/repository/org/junit/jupiter/junit-jupiter-api/5.11.4/junit-jupiter-api-5.11.4.jar:/Users/johnbrixpomoy/.m2/repository/org/opentest4j/opentest4j/1.3.0/opentest4j-1.3.0.jar:/Users/johnbrixpomoy/.m2/repository/org/junit/platform/junit-platform-commons/1.11.4/junit-platform-commons-1.11.4.jar:/Users/johnbrixpomoy/.m2/repository/org/apiguardian/apiguardian-api/1.1.2/apiguardian-api-1.1.2.jar:/Users/johnbrixpomoy/.m2/repository/org/junit/jupiter/junit-jupiter-params/5.11.4/junit-jupiter-params-5.11.4.jar:/Users/johnbrixpomoy/.m2/repository/org/junit/jupiter/junit-jupiter-engine/5.11.4/junit-jupiter-engine-5.11.4.jar:/Users/johnbrixpomoy/.m2/repository/org/junit/platform/junit-platform-engine/1.11.4/junit-platform-engine-1.11.4.jar:/Users/johnbrixpomoy/.m2/repository/org/mockito/mockito-core/5.14.2/mockito-core-5.14.2.jar:/Users/johnbrixpomoy/.m2/repository/net/bytebuddy/byte-buddy-agent/1.15.11/byte-buddy-agent-1.15.11.jar:/Users/johnbrixpomoy/.m2/repository/org/objenesis/objenesis/3.3/objenesis-3.3.jar:/Users/johnbrixpomoy/.m2/repository/org/mockito/mockito-junit-jupiter/5.14.2/mockito-junit-jupiter-5.14.2.jar:/Users/johnbrixpomoy/.m2/repository/org/skyscreamer/jsonassert/1.5.3/jsonassert-1.5.3.jar:/Users/johnbrixpomoy/.m2/repository/com/vaadin/external/google/android-json/0.0.20131108.vaadin1/android-json-0.0.20131108.vaadin1.jar:/Users/johnbrixpomoy/.m2/repository/org/springframework/spring-core/6.2.8/spring-core-6.2.8.jar:/Users/johnbrixpomoy/.m2/repository/org/springframework/spring-jcl/6.2.8/spring-jcl-6.2.8.jar:/Users/johnbrixpomoy/.m2/repository/org/springframework/spring-test/6.2.8/spring-test-6.2.8.jar:/Users/johnbrixpomoy/.m2/repository/org/xmlunit/xmlunit-core/2.10.2/xmlunit-core-2.10.2.jar:/Users/johnbrixpomoy/.m2/repository/org/springframework/boot/spring-boot-starter-actuator/3.4.7-SNAPSHOT/spring-boot-starter-actuator-3.4.7-SNAPSHOT.jar:/Users/johnbrixpomoy/.m2/repository/org/springframework/boot/spring-boot-actuator-autoconfigure/3.4.7-SNAPSHOT/spring-boot-actuator-autoconfigure-3.4.7-SNAPSHOT.jar:/Users/johnbrixpomoy/.m2/repository/org/springframework/boot/spring-boot-actuator/3.4.7-SNAPSHOT/spring-boot-actuator-3.4.7-SNAPSHOT.jar:/Users/johnbrixpomoy/.m2/repository/io/micrometer/micrometer-observation/1.14.8/micrometer-observation-1.14.8.jar:/Users/johnbrixpomoy/.m2/repository/io/micrometer/micrometer-commons/1.14.8/micrometer-commons-1.14.8.jar:/Users/johnbrixpomoy/.m2/repository/io/micrometer/micrometer-jakarta9/1.14.8/micrometer-jakarta9-1.14.8.jar:/Users/johnbrixpomoy/.m2/repository/org/mapstruct/mapstruct/1.5.5.Final/mapstruct-1.5.5.Final.jar:/Users/johnbrixpomoy/.m2/repository/org/mapstruct/mapstruct-processor/1.5.5.Final/mapstruct-processor-1.5.5.Final.jar:/Users/johnbrixpomoy/.m2/repository/org/mapstruct/mapstruct-jdk8/1.5.5.Final/mapstruct-jdk8-1.5.5.Final.jar:/Users/johnbrixpomoy/.m2/repository/org/projectlombok/lombok-mapstruct-binding/0.2.0/lombok-mapstruct-binding-0.2.0.jar:/Users/johnbrixpomoy/.m2/repository/ch/qos/logback/logback-classic/1.5.18/logback-classic-1.5.18.jar:/Users/johnbrixpomoy/.m2/repository/ch/qos/logback/logback-core/1.5.18/logback-core-1.5.18.jar:/Users/johnbrixpomoy/.m2/repository/org/slf4j/slf4j-api/2.0.17/slf4j-api-2.0.17.jar:/Users/johnbrixpomoy/.m2/repository/org/springframework/boot/spring-boot-starter-security/3.4.7-SNAPSHOT/spring-boot-starter-security-3.4.7-SNAPSHOT.jar:/Users/johnbrixpomoy/.m2/repository/org/springframework/spring-aop/6.2.8/spring-aop-6.2.8.jar:/Users/johnbrixpomoy/.m2/repository/org/springframework/security/spring-security-config/6.4.7/spring-security-config-6.4.7.jar:/Users/johnbrixpomoy/.m2/repository/org/springframework/security/spring-security-core/6.4.7/spring-security-core-6.4.7.jar:/Users/johnbrixpomoy/.m2/repository/org/springframework/security/spring-security-crypto/6.4.7/spring-security-crypto-6.4.7.jar:/Users/johnbrixpomoy/.m2/repository/org/springframework/security/spring-security-web/6.4.7/spring-security-web-6.4.7.jar:/Users/johnbrixpomoy/.m2/repository/io/micrometer/micrometer-registry-prometheus/1.14.8/micrometer-registry-prometheus-1.14.8.jar:/Users/johnbrixpomoy/.m2/repository/io/micrometer/micrometer-core/1.14.8/micrometer-core-1.14.8.jar:/Users/johnbrixpomoy/.m2/repository/org/hdrhistogram/HdrHistogram/2.2.2/HdrHistogram-2.2.2.jar:/Users/johnbrixpomoy/.m2/repository/org/latencyutils/LatencyUtils/2.0.3/LatencyUtils-2.0.3.jar:/Users/johnbrixpomoy/.m2/repository/io/prometheus/prometheus-metrics-core/1.3.8/prometheus-metrics-core-1.3.8.jar:/Users/johnbrixpomoy/.m2/repository/io/prometheus/prometheus-metrics-model/1.3.8/prometheus-metrics-model-1.3.8.jar:/Users/johnbrixpomoy/.m2/repository/io/prometheus/prometheus-metrics-config/1.3.8/prometheus-metrics-config-1.3.8.jar:/Users/johnbrixpomoy/.m2/repository/io/prometheus/prometheus-metrics-tracer-common/1.3.8/prometheus-metrics-tracer-common-1.3.8.jar:/Users/johnbrixpomoy/.m2/repository/io/prometheus/prometheus-metrics-exposition-formats/1.3.8/prometheus-metrics-exposition-formats-1.3.8.jar:/Users/johnbrixpomoy/.m2/repository/io/prometheus/prometheus-metrics-exposition-formats-no-protobuf/1.3.8/prometheus-metrics-exposition-formats-no-protobuf-1.3.8.jar:/Users/johnbrixpomoy/.m2/repository/io/prometheus/prometheus-metrics-exposition-textformats/1.3.8/prometheus-metrics-exposition-textformats-1.3.8.jar:/Users/johnbrixpomoy/.m2/repository/com/google/protobuf/protobuf-java/4.31.0/protobuf-java-4.31.0.jar:/Users/johnbrixpomoy/.m2/repository/org/mockito/mockito-inline/4.6.1/mockito-inline-4.6.1.jar:/Users/johnbrixpomoy/.m2/repository/org/springframework/boot/spring-boot-starter-validation/3.4.7-SNAPSHOT/spring-boot-starter-validation-3.4.7-SNAPSHOT.jar:/Users/johnbrixpomoy/.m2/repository/org/apache/tomcat/embed/tomcat-embed-el/10.1.42/tomcat-embed-el-10.1.42.jar:/Users/johnbrixpomoy/.m2/repository/org/hibernate/validator/hibernate-validator/8.0.2.Final/hibernate-validator-8.0.2.Final.jar:/Users/johnbrixpomoy/.m2/repository/jakarta/validation/jakarta.validation-api/3.0.2/jakarta.validation-api-3.0.2.jar:"/>
    <property name="sun.cpu.endian" value="little"/>
    <property name="user.home" value="/Users/johnbrixpomoy"/>
    <property name="user.language" value="en"/>
    <property name="java.specification.vendor" value="Oracle Corporation"/>
    <property name="reactor.schedulers.defaultBoundedElasticOnVirtualThreads" value="true"/>
    <property name="java.version.date" value="2025-04-15"/>
    <property name="java.home" value="/Library/Java/JavaVirtualMachines/jdk-21.jdk/Contents/Home"/>
    <property name="file.separator" value="/"/>
    <property name="basedir" value="/Users/johnbrixpomoy/Documents/Github/spring-boot-virtual-threads-boilerplate"/>
    <property name="java.vm.compressedOopsMode" value="Zero based"/>
    <property name="line.separator" value="&#10;"/>
    <property name="java.vm.specification.vendor" value="Oracle Corporation"/>
    <property name="java.specification.name" value="Java Platform API Specification"/>
    <property name="FILE_LOG_CHARSET" value="UTF-8"/>
    <property name="java.awt.headless" value="true"/>
    <property name="apple.awt.application.name" value="ForkedBooter"/>
    <property name="surefire.real.class.path" value="/Users/johnbrixpomoy/Documents/Github/spring-boot-virtual-threads-boilerplate/target/surefire/surefirebooter5598471621218130457.jar"/>
    <property name="junit.platform.listeners.uid.tracking.enabled" value="true"/>
    <property name="sun.management.compiler" value="HotSpot 64-Bit Tiered Compilers"/>
    <property name="ftp.nonProxyHosts" value="local|*.local|169.254/16|*.169.254/16"/>
    <property name="junit.platform.listeners.uid.tracking.output.dir" value="/Users/johnbrixpomoy/Documents/Github/spring-boot-virtual-threads-boilerplate/target/test-ids"/>
    <property name="java.runtime.version" value="21.0.7+8-LTS-245"/>
    <property name="user.name" value="johnbrixpomoy"/>
    <property name="stdout.encoding" value="UTF-8"/>
    <property name="path.separator" value=":"/>
    <property name="os.version" value="15.1"/>
    <property name="java.runtime.name" value="Java(TM) SE Runtime Environment"/>
    <property name="file.encoding" value="UTF-8"/>
    <property name="java.vm.name" value="Java HotSpot(TM) 64-Bit Server VM"/>
    <property name="localRepository" value="/Users/johnbrixpomoy/.m2/repository"/>
    <property name="java.vendor.url.bug" value="https://bugreport.java.com/bugreport/"/>
    <property name="java.io.tmpdir" value="/var/folders/mf/jvxmtyc51p52l1cy3837pvhh0000gn/T/"/>
    <property name="idea.version" value="2025.1"/>
    <property name="com.zaxxer.hikari.pool_number" value="2"/>
    <property name="java.version" value="21.0.7"/>
    <property name="user.dir" value="/Users/johnbrixpomoy/Documents/Github/spring-boot-virtual-threads-boilerplate"/>
    <property name="os.arch" value="aarch64"/>
    <property name="java.vm.specification.name" value="Java Virtual Machine Specification"/>
    <property name="PID" value="15686"/>
    <property name="CONSOLE_LOG_CHARSET" value="UTF-8"/>
    <property name="native.encoding" value="UTF-8"/>
    <property name="java.library.path" value="/Users/johnbrixpomoy/Library/Java/Extensions:/Library/Java/Extensions:/Network/Library/Java/Extensions:/System/Library/Java/Extensions:/usr/lib/java:."/>
    <property name="java.vm.info" value="mixed mode, sharing"/>
    <property name="stderr.encoding" value="UTF-8"/>
    <property name="java.vendor" value="Oracle Corporation"/>
    <property name="java.vm.version" value="21.0.7+8-LTS-245"/>
    <property name="sun.io.unicode.encoding" value="UnicodeBig"/>
    <property name="socksNonProxyHosts" value="local|*.local|169.254/16|*.169.254/16"/>
    <property name="java.class.version" value="65.0"/>
    <property name="LOGGED_APPLICATION_NAME" value="[demo] "/>
  </properties>
  <testcase name="testKyc" classname="com.virtual.threads.controller.ProductControllerTest" time="0.094">
    <system-out><![CDATA[2025-07-14T23:12:03.101+08:00  INFO 15686 --- [demo] [           main] t.c.s.AnnotationConfigContextLoaderUtils : Could not detect default configuration classes for test class [com.virtual.threads.controller.ProductControllerTest]: ProductControllerTest does not declare any static, non-private, non-final, nested classes annotated with @Configuration.
2025-07-14T23:12:03.103+08:00  INFO 15686 --- [demo] [           main] .b.t.c.SpringBootTestContextBootstrapper : Found @SpringBootConfiguration com.virtual.threads.MainApplication for test class com.virtual.threads.controller.ProductControllerTest

  .   ____          _            __ _ _
 /\\ / ___'_ __ _ _(_)_ __  __ _ \ \ \ \
( ( )\___ | '_ | '_| | '_ \/ _` | \ \ \ \
 \\/  ___)| |_)| | | | | || (_| |  ) ) ) )
  '  |____| .__|_| |_|_| |_\__, | / / / /
 =========|_|==============|___/=/_/_/_/

 :: Spring Boot ::       (v3.4.7-SNAPSHOT)

2025-07-14T23:12:03.114+08:00  INFO 15686 --- [demo] [           main] c.v.t.controller.ProductControllerTest   : Starting ProductControllerTest using Java 21.0.7 with PID 15686 (started by johnbrixpomoy in /Users/johnbrixpomoy/Documents/Github/spring-boot-virtual-threads-boilerplate)
2025-07-14T23:12:03.114+08:00  INFO 15686 --- [demo] [           main] c.v.t.controller.ProductControllerTest   : The following 1 profile is active: "local"
2025-07-14T23:12:03.218+08:00  INFO 15686 --- [demo] [           main] .s.d.r.c.RepositoryConfigurationDelegate : Bootstrapping Spring Data JPA repositories in DEFAULT mode.
2025-07-14T23:12:03.225+08:00  INFO 15686 --- [demo] [           main] .s.d.r.c.RepositoryConfigurationDelegate : Finished Spring Data repository scanning in 5 ms. Found 4 JPA repository interfaces.
2025-07-14T23:12:03.344+08:00  INFO 15686 --- [demo] [           main] o.hibernate.jpa.internal.util.LogHelper  : HHH000204: Processing PersistenceUnitInfo [name: default]
2025-07-14T23:12:03.345+08:00  INFO 15686 --- [demo] [           main] o.h.c.internal.RegionFactoryInitiator    : HHH000026: Second-level cache disabled
2025-07-14T23:12:03.350+08:00  INFO 15686 --- [demo] [           main] o.s.o.j.p.SpringPersistenceUnitInfo      : No LoadTimeWeaver setup: ignoring JPA class transformer
2025-07-14T23:12:03.350+08:00  INFO 15686 --- [demo] [           main] com.zaxxer.hikari.HikariDataSource       : HikariPool-2 - Starting...
2025-07-14T23:12:03.353+08:00  INFO 15686 --- [demo] [           main] com.zaxxer.hikari.pool.HikariPool        : HikariPool-2 - Added connection com.mysql.cj.jdbc.ConnectionImpl@5ba8a528
2025-07-14T23:12:03.353+08:00  INFO 15686 --- [demo] [           main] com.zaxxer.hikari.HikariDataSource       : HikariPool-2 - Start completed.
2025-07-14T23:12:03.353+08:00  WARN 15686 --- [demo] [           main] org.hibernate.orm.deprecation            : HHH90000025: MySQL8Dialect does not need to be specified explicitly using 'hibernate.dialect' (remove the property setting and it will be selected by default)
2025-07-14T23:12:03.354+08:00  WARN 15686 --- [demo] [           main] org.hibernate.orm.deprecation            : HHH90000026: MySQL8Dialect has been deprecated; use org.hibernate.dialect.MySQLDialect instead
2025-07-14T23:12:03.354+08:00  INFO 15686 --- [demo] [           main] org.hibernate.orm.connections.pooling    : HHH10001005: Database info:
	Database JDBC URL [Connecting through datasource 'HikariDataSource (HikariPool-2)']
	Database driver: undefined/unknown
	Database version: 8.0
	Autocommit mode: undefined/unknown
	Isolation level: undefined/unknown
	Minimum pool size: undefined/unknown
	Maximum pool size: undefined/unknown
2025-07-14T23:12:03.464+08:00  INFO 15686 --- [demo] [           main] o.h.e.t.j.p.i.JtaPlatformInitiator       : HHH000489: No JTA platform available (set 'hibernate.transaction.jta.platform' to enable JTA platform integration)
2025-07-14T23:12:03.464+08:00  INFO 15686 --- [demo] [           main] j.LocalContainerEntityManagerFactoryBean : Initialized JPA EntityManagerFactory for persistence unit 'default'
2025-07-14T23:12:03.485+08:00  WARN 15686 --- [demo] [           main] JpaBaseConfiguration$JpaWebConfiguration : spring.jpa.open-in-view is enabled by default. Therefore, database queries may be performed during view rendering. Explicitly configure spring.jpa.open-in-view to disable this warning
2025-07-14T23:12:03.491+08:00  WARN 15686 --- [demo] [           main] .s.s.UserDetailsServiceAutoConfiguration : 

Using generated security password: f5a8a948-9188-4211-86bc-e9186808f33d

This generated password is for development use only. Your security configuration must be updated before running your application in production.

2025-07-14T23:12:03.492+08:00  INFO 15686 --- [demo] [           main] r$InitializeUserDetailsManagerConfigurer : Global AuthenticationManager configured with UserDetailsService bean with name inMemoryUserDetailsManager
2025-07-14T23:12:03.540+08:00  INFO 15686 --- [demo] [           main] o.s.b.a.e.web.EndpointLinksResolver      : Exposing 2 endpoints beneath base path '/actuator'
2025-07-14T23:12:03.599+08:00  INFO 15686 --- [demo] [           main] o.s.b.t.m.w.SpringBootMockServletContext : Initializing Spring TestDispatcherServlet ''
2025-07-14T23:12:03.599+08:00  INFO 15686 --- [demo] [           main] o.s.t.web.servlet.TestDispatcherServlet  : Initializing Servlet ''
2025-07-14T23:12:03.600+08:00  INFO 15686 --- [demo] [           main] o.s.t.web.servlet.TestDispatcherServlet  : Completed initialization in 1 ms
2025-07-14T23:12:03.609+08:00  INFO 15686 --- [demo] [           main] c.v.t.controller.ProductControllerTest   : Started ProductControllerTest in 0.505 seconds (process running for 5.177)
2025-07-14T23:12:03.686+08:00  INFO 15686 --- [demo] [           main] c.v.t.controller.ProductController       : HttpUserRequest: HttpUserRequest(username=foo, password=bar)
2025-07-14T23:12:03.688+08:00  INFO 15686 --- [demo] [           main] c.v.t.controller.ProductController       : HttpKycResponse: HttpKycResponse(description=sample, message=sample, status=null, isSuccess=true)
]]></system-out>
  </testcase>
  <testcase name="testCreateProduct" classname="com.virtual.threads.controller.ProductControllerTest" time="0.019">
    <system-out><![CDATA[2025-07-14T23:12:03.715+08:00  INFO 15686 --- [demo] [           main] c.v.t.controller.ProductController       : HttpProductRequest: HttpProductRequest(productId=1, userId=1, posTerminalId=null, name=foo, price=120.2, stock=1)
2025-07-14T23:12:03.716+08:00  INFO 15686 --- [demo] [           main] c.v.t.controller.ProductController       : HttpProductResponse: HttpProductResponse(result=Result(resultCode=0, resultMessage=SUCCESS, resultDescription=The product has been added successfully., resulStatus=true))
]]></system-out>
  </testcase>
  <testcase name="testKycThenReturnException" classname="com.virtual.threads.controller.ProductControllerTest" time="0.013">
    <system-out><![CDATA[2025-07-14T23:12:03.728+08:00  INFO 15686 --- [demo] [           main] c.v.t.controller.ProductController       : HttpUserRequest: HttpUserRequest(username=foo, password=bar)
2025-07-14T23:12:03.729+08:00 ERROR 15686 --- [demo] [           main] c.v.t.advice.GlobalExceptionHandler      : ERROR: UPSTREAM_ERROR
]]></system-out>
  </testcase>
</testsuite>