<?xml version="1.0" encoding="UTF-8"?>
<testsuite xmlns:xsi="http://www.w3.org/2001/XMLSchema-instance" xsi:noNamespaceSchemaLocation="https://maven.apache.org/surefire/maven-surefire-plugin/xsd/surefire-test-report-3.0.xsd" version="3.0" name="com.virtual.threads.service.ProductServiceImplTest" time="0.226" tests="2" errors="0" skipped="0" failures="0">
  <properties>
    <property name="java.specification.version" value="21"/>
    <property name="sun.jnu.encoding" value="UTF-8"/>
    <property name="java.class.path" value="/Users/johnbrixpomoy/Documents/Github/spring-boot-virtual-threads-boilerplate/target/test-classes:/Users/johnbrixpomoy/Documents/Github/spring-boot-virtual-threads-boilerplate/target/classes:/Users/johnbrixpomoy/.m2/repository/org/springframework/boot/spring-boot-starter-data-jpa/3.4.7-SNAPSHOT/spring-boot-starter-data-jpa-3.4.7-SNAPSHOT.jar:/Users/johnbrixpomoy/.m2/repository/org/springframework/boot/spring-boot-starter/3.4.7-SNAPSHOT/spring-boot-starter-3.4.7-SNAPSHOT.jar:/Users/johnbrixpomoy/.m2/repository/org/springframework/boot/spring-boot/3.4.7-SNAPSHOT/spring-boot-3.4.7-SNAPSHOT.jar:/Users/johnbrixpomoy/.m2/repository/org/springframework/boot/spring-boot-autoconfigure/3.4.7-SNAPSHOT/spring-boot-autoconfigure-3.4.7-SNAPSHOT.jar:/Users/johnbrixpomoy/.m2/repository/org/springframework/boot/spring-boot-starter-logging/3.4.7-SNAPSHOT/spring-boot-starter-logging-3.4.7-SNAPSHOT.jar:/Users/johnbrixpomoy/.m2/repository/org/apache/logging/log4j/log4j-to-slf4j/2.24.3/log4j-to-slf4j-2.24.3.jar:/Users/johnbrixpomoy/.m2/repository/org/apache/logging/log4j/log4j-api/2.24.3/log4j-api-2.24.3.jar:/Users/johnbrixpomoy/.m2/repository/org/slf4j/jul-to-slf4j/2.0.17/jul-to-slf4j-2.0.17.jar:/Users/johnbrixpomoy/.m2/repository/jakarta/annotation/jakarta.annotation-api/2.1.1/jakarta.annotation-api-2.1.1.jar:/Users/johnbrixpomoy/.m2/repository/org/yaml/snakeyaml/2.3/snakeyaml-2.3.jar:/Users/johnbrixpomoy/.m2/repository/org/springframework/boot/spring-boot-starter-jdbc/3.4.7-SNAPSHOT/spring-boot-starter-jdbc-3.4.7-SNAPSHOT.jar:/Users/johnbrixpomoy/.m2/repository/com/zaxxer/HikariCP/5.1.0/HikariCP-5.1.0.jar:/Users/johnbrixpomoy/.m2/repository/org/springframework/spring-jdbc/6.2.8/spring-jdbc-6.2.8.jar:/Users/johnbrixpomoy/.m2/repository/org/hibernate/orm/hibernate-core/6.6.18.Final/hibernate-core-6.6.18.Final.jar:/Users/johnbrixpomoy/.m2/repository/jakarta/persistence/jakarta.persistence-api/3.1.0/jakarta.persistence-api-3.1.0.jar:/Users/johnbrixpomoy/.m2/repository/jakarta/transaction/jakarta.transaction-api/2.0.1/jakarta.transaction-api-2.0.1.jar:/Users/johnbrixpomoy/.m2/repository/org/jboss/logging/jboss-logging/3.6.1.Final/jboss-logging-3.6.1.Final.jar:/Users/johnbrixpomoy/.m2/repository/org/hibernate/common/hibernate-commons-annotations/7.0.3.Final/hibernate-commons-annotations-7.0.3.Final.jar:/Users/johnbrixpomoy/.m2/repository/io/smallrye/jandex/3.2.0/jandex-3.2.0.jar:/Users/johnbrixpomoy/.m2/repository/com/fasterxml/classmate/1.7.0/classmate-1.7.0.jar:/Users/johnbrixpomoy/.m2/repository/net/bytebuddy/byte-buddy/1.15.11/byte-buddy-1.15.11.jar:/Users/johnbrixpomoy/.m2/repository/org/glassfish/jaxb/jaxb-runtime/4.0.5/jaxb-runtime-4.0.5.jar:/Users/johnbrixpomoy/.m2/repository/org/glassfish/jaxb/jaxb-core/4.0.5/jaxb-core-4.0.5.jar:/Users/johnbrixpomoy/.m2/repository/org/eclipse/angus/angus-activation/2.0.2/angus-activation-2.0.2.jar:/Users/johnbrixpomoy/.m2/repository/org/glassfish/jaxb/txw2/4.0.5/txw2-4.0.5.jar:/Users/johnbrixpomoy/.m2/repository/com/sun/istack/istack-commons-runtime/4.1.2/istack-commons-runtime-4.1.2.jar:/Users/johnbrixpomoy/.m2/repository/jakarta/inject/jakarta.inject-api/2.0.1/jakarta.inject-api-2.0.1.jar:/Users/johnbrixpomoy/.m2/repository/org/antlr/antlr4-runtime/4.13.0/antlr4-runtime-4.13.0.jar:/Users/johnbrixpomoy/.m2/repository/org/springframework/data/spring-data-jpa/3.4.7/spring-data-jpa-3.4.7.jar:/Users/johnbrixpomoy/.m2/repository/org/springframework/data/spring-data-commons/3.4.7/spring-data-commons-3.4.7.jar:/Users/johnbrixpomoy/.m2/repository/org/springframework/spring-orm/6.2.8/spring-orm-6.2.8.jar:/Users/johnbrixpomoy/.m2/repository/org/springframework/spring-context/6.2.8/spring-context-6.2.8.jar:/Users/johnbrixpomoy/.m2/repository/org/springframework/spring-tx/6.2.8/spring-tx-6.2.8.jar:/Users/johnbrixpomoy/.m2/repository/org/springframework/spring-beans/6.2.8/spring-beans-6.2.8.jar:/Users/johnbrixpomoy/.m2/repository/org/springframework/spring-aspects/6.2.8/spring-aspects-6.2.8.jar:/Users/johnbrixpomoy/.m2/repository/org/aspectj/aspectjweaver/1.9.24/aspectjweaver-1.9.24.jar:/Users/johnbrixpomoy/.m2/repository/org/springframework/boot/spring-boot-starter-web/3.4.7-SNAPSHOT/spring-boot-starter-web-3.4.7-SNAPSHOT.jar:/Users/johnbrixpomoy/.m2/repository/org/springframework/boot/spring-boot-starter-json/3.4.7-SNAPSHOT/spring-boot-starter-json-3.4.7-SNAPSHOT.jar:/Users/johnbrixpomoy/.m2/repository/com/fasterxml/jackson/core/jackson-databind/2.18.4/jackson-databind-2.18.4.jar:/Users/johnbrixpomoy/.m2/repository/com/fasterxml/jackson/core/jackson-annotations/2.18.4/jackson-annotations-2.18.4.jar:/Users/johnbrixpomoy/.m2/repository/com/fasterxml/jackson/core/jackson-core/2.18.4.1/jackson-core-2.18.4.1.jar:/Users/johnbrixpomoy/.m2/repository/com/fasterxml/jackson/datatype/jackson-datatype-jdk8/2.18.4/jackson-datatype-jdk8-2.18.4.jar:/Users/johnbrixpomoy/.m2/repository/com/fasterxml/jackson/datatype/jackson-datatype-jsr310/2.18.4/jackson-datatype-jsr310-2.18.4.jar:/Users/johnbrixpomoy/.m2/repository/com/fasterxml/jackson/module/jackson-module-parameter-names/2.18.4/jackson-module-parameter-names-2.18.4.jar:/Users/johnbrixpomoy/.m2/repository/org/springframework/boot/spring-boot-starter-tomcat/3.4.7-SNAPSHOT/spring-boot-starter-tomcat-3.4.7-SNAPSHOT.jar:/Users/johnbrixpomoy/.m2/repository/org/apache/tomcat/embed/tomcat-embed-core/10.1.42/tomcat-embed-core-10.1.42.jar:/Users/johnbrixpomoy/.m2/repository/org/apache/tomcat/embed/tomcat-embed-websocket/10.1.42/tomcat-embed-websocket-10.1.42.jar:/Users/johnbrixpomoy/.m2/repository/org/springframework/spring-web/6.2.8/spring-web-6.2.8.jar:/Users/johnbrixpomoy/.m2/repository/org/springframework/spring-webmvc/6.2.8/spring-webmvc-6.2.8.jar:/Users/johnbrixpomoy/.m2/repository/org/springframework/spring-expression/6.2.8/spring-expression-6.2.8.jar:/Users/johnbrixpomoy/.m2/repository/com/mysql/mysql-connector-j/9.1.0/mysql-connector-j-9.1.0.jar:/Users/johnbrixpomoy/.m2/repository/org/projectlombok/lombok/1.18.38/lombok-1.18.38.jar:/Users/johnbrixpomoy/.m2/repository/org/springframework/boot/spring-boot-starter-test/3.4.7-SNAPSHOT/spring-boot-starter-test-3.4.7-SNAPSHOT.jar:/Users/johnbrixpomoy/.m2/repository/org/springframework/boot/spring-boot-test/3.4.7-SNAPSHOT/spring-boot-test-3.4.7-SNAPSHOT.jar:/Users/johnbrixpomoy/.m2/repository/org/springframework/boot/spring-boot-test-autoconfigure/3.4.7-SNAPSHOT/spring-boot-test-autoconfigure-3.4.7-SNAPSHOT.jar:/Users/johnbrixpomoy/.m2/repository/com/jayway/jsonpath/json-path/2.9.0/json-path-2.9.0.jar:/Users/johnbrixpomoy/.m2/repository/jakarta/xml/bind/jakarta.xml.bind-api/4.0.2/jakarta.xml.bind-api-4.0.2.jar:/Users/johnbrixpomoy/.m2/repository/jakarta/activation/jakarta.activation-api/2.1.3/jakarta.activation-api-2.1.3.jar:/Users/johnbrixpomoy/.m2/repository/net/minidev/json-smart/2.5.2/json-smart-2.5.2.jar:/Users/johnbrixpomoy/.m2/repository/net/minidev/accessors-smart/2.5.2/accessors-smart-2.5.2.jar:/Users/johnbrixpomoy/.m2/repository/org/ow2/asm/asm/9.7.1/asm-9.7.1.jar:/Users/johnbrixpomoy/.m2/repository/org/assertj/assertj-core/3.26.3/assertj-core-3.26.3.jar:/Users/johnbrixpomoy/.m2/repository/org/awaitility/awaitility/4.2.2/awaitility-4.2.2.jar:/Users/johnbrixpomoy/.m2/repository/org/hamcrest/hamcrest/2.2/hamcrest-2.2.jar:/Users/johnbrixpomoy/.m2/repository/org/junit/jupiter/junit-jupiter/5.11.4/junit-jupiter-5.11.4.jar:/Users/johnbrixpomoy/.m2/repository/org/junit/jupiter/junit-jupiter-api/5.11.4/junit-jupiter-api-5.11.4.jar:/Users/johnbrixpomoy/.m2/repository/org/opentest4j/opentest4j/1.3.0/opentest4j-1.3.0.jar:/Users/johnbrixpomoy/.m2/repository/org/junit/platform/junit-platform-commons/1.11.4/junit-platform-commons-1.11.4.jar:/Users/johnbrixpomoy/.m2/repository/org/apiguardian/apiguardian-api/1.1.2/apiguardian-api-1.1.2.jar:/Users/johnbrixpomoy/.m2/repository/org/junit/jupiter/junit-jupiter-params/5.11.4/junit-jupiter-params-5.11.4.jar:/Users/johnbrixpomoy/.m2/repository/org/junit/jupiter/junit-jupiter-engine/5.11.4/junit-jupiter-engine-5.11.4.jar:/Users/johnbrixpomoy/.m2/repository/org/junit/platform/junit-platform-engine/1.11.4/junit-platform-engine-1.11.4.jar:/Users/johnbrixpomoy/.m2/repository/org/mockito/mockito-core/5.14.2/mockito-core-5.14.2.jar:/Users/johnbrixpomoy/.m2/repository/net/bytebuddy/byte-buddy-agent/1.15.11/byte-buddy-agent-1.15.11.jar:/Users/johnbrixpomoy/.m2/repository/org/objenesis/objenesis/3.3/objenesis-3.3.jar:/Users/johnbrixpomoy/.m2/repository/org/mockito/mockito-junit-jupiter/5.14.2/mockito-junit-jupiter-5.14.2.jar:/Users/johnbrixpomoy/.m2/repository/org/skyscreamer/jsonassert/1.5.3/jsonassert-1.5.3.jar:/Users/johnbrixpomoy/.m2/repository/com/vaadin/external/google/android-json/0.0.20131108.vaadin1/android-json-0.0.20131108.vaadin1.jar:/Users/johnbrixpomoy/.m2/repository/org/springframework/spring-core/6.2.8/spring-core-6.2.8.jar:/Users/johnbrixpomoy/.m2/repository/org/springframework/spring-jcl/6.2.8/spring-jcl-6.2.8.jar:/Users/johnbrixpomoy/.m2/repository/org/springframework/spring-test/6.2.8/spring-test-6.2.8.jar:/Users/johnbrixpomoy/.m2/repository/org/xmlunit/xmlunit-core/2.10.2/xmlunit-core-2.10.2.jar:/Users/johnbrixpomoy/.m2/repository/org/springframework/boot/spring-boot-starter-actuator/3.4.7-SNAPSHOT/spring-boot-starter-actuator-3.4.7-SNAPSHOT.jar:/Users/johnbrixpomoy/.m2/repository/org/springframework/boot/spring-boot-actuator-autoconfigure/3.4.7-SNAPSHOT/spring-boot-actuator-autoconfigure-3.4.7-SNAPSHOT.jar:/Users/johnbrixpomoy/.m2/repository/org/springframework/boot/spring-boot-actuator/3.4.7-SNAPSHOT/spring-boot-actuator-3.4.7-SNAPSHOT.jar:/Users/johnbrixpomoy/.m2/repository/io/micrometer/micrometer-observation/1.14.8/micrometer-observation-1.14.8.jar:/Users/johnbrixpomoy/.m2/repository/io/micrometer/micrometer-commons/1.14.8/micrometer-commons-1.14.8.jar:/Users/johnbrixpomoy/.m2/repository/io/micrometer/micrometer-jakarta9/1.14.8/micrometer-jakarta9-1.14.8.jar:/Users/johnbrixpomoy/.m2/repository/org/mapstruct/mapstruct/1.5.5.Final/mapstruct-1.5.5.Final.jar:/Users/johnbrixpomoy/.m2/repository/org/mapstruct/mapstruct-processor/1.5.5.Final/mapstruct-processor-1.5.5.Final.jar:/Users/johnbrixpomoy/.m2/repository/org/mapstruct/mapstruct-jdk8/1.5.5.Final/mapstruct-jdk8-1.5.5.Final.jar:/Users/johnbrixpomoy/.m2/repository/org/projectlombok/lombok-mapstruct-binding/0.2.0/lombok-mapstruct-binding-0.2.0.jar:/Users/johnbrixpomoy/.m2/repository/ch/qos/logback/logback-classic/1.5.18/logback-classic-1.5.18.jar:/Users/johnbrixpomoy/.m2/repository/ch/qos/logback/logback-core/1.5.18/logback-core-1.5.18.jar:/Users/johnbrixpomoy/.m2/repository/org/slf4j/slf4j-api/2.0.17/slf4j-api-2.0.17.jar:/Users/johnbrixpomoy/.m2/repository/org/springframework/boot/spring-boot-starter-security/3.4.7-SNAPSHOT/spring-boot-starter-security-3.4.7-SNAPSHOT.jar:/Users/johnbrixpomoy/.m2/repository/org/springframework/spring-aop/6.2.8/spring-aop-6.2.8.jar:/Users/johnbrixpomoy/.m2/repository/org/springframework/security/spring-security-config/6.4.7/spring-security-config-6.4.7.jar:/Users/johnbrixpomoy/.m2/repository/org/springframework/security/spring-security-core/6.4.7/spring-security-core-6.4.7.jar:/Users/johnbrixpomoy/.m2/repository/org/springframework/security/spring-security-crypto/6.4.7/spring-security-crypto-6.4.7.jar:/Users/johnbrixpomoy/.m2/repository/org/springframework/security/spring-security-web/6.4.7/spring-security-web-6.4.7.jar:/Users/johnbrixpomoy/.m2/repository/io/micrometer/micrometer-registry-prometheus/1.14.8/micrometer-registry-prometheus-1.14.8.jar:/Users/johnbrixpomoy/.m2/repository/io/micrometer/micrometer-core/1.14.8/micrometer-core-1.14.8.jar:/Users/johnbrixpomoy/.m2/repository/org/hdrhistogram/HdrHistogram/2.2.2/HdrHistogram-2.2.2.jar:/Users/johnbrixpomoy/.m2/repository/org/latencyutils/LatencyUtils/2.0.3/LatencyUtils-2.0.3.jar:/Users/johnbrixpomoy/.m2/repository/io/prometheus/prometheus-metrics-core/1.3.8/prometheus-metrics-core-1.3.8.jar:/Users/johnbrixpomoy/.m2/repository/io/prometheus/prometheus-metrics-model/1.3.8/prometheus-metrics-model-1.3.8.jar:/Users/johnbrixpomoy/.m2/repository/io/prometheus/prometheus-metrics-config/1.3.8/prometheus-metrics-config-1.3.8.jar:/Users/johnbrixpomoy/.m2/repository/io/prometheus/prometheus-metrics-tracer-common/1.3.8/prometheus-metrics-tracer-common-1.3.8.jar:/Users/johnbrixpomoy/.m2/repository/io/prometheus/prometheus-metrics-exposition-formats/1.3.8/prometheus-metrics-exposition-formats-1.3.8.jar:/Users/johnbrixpomoy/.m2/repository/io/prometheus/prometheus-metrics-exposition-formats-no-protobuf/1.3.8/prometheus-metrics-exposition-formats-no-protobuf-1.3.8.jar:/Users/johnbrixpomoy/.m2/repository/io/prometheus/prometheus-metrics-exposition-textformats/1.3.8/prometheus-metrics-exposition-textformats-1.3.8.jar:/Users/johnbrixpomoy/.m2/repository/com/google/protobuf/protobuf-java/4.31.0/protobuf-java-4.31.0.jar:/Users/johnbrixpomoy/.m2/repository/org/mockito/mockito-inline/4.6.1/mockito-inline-4.6.1.jar:/Users/johnbrixpomoy/.m2/repository/org/springframework/boot/spring-boot-starter-validation/3.4.7-SNAPSHOT/spring-boot-starter-validation-3.4.7-SNAPSHOT.jar:/Users/johnbrixpomoy/.m2/repository/org/apache/tomcat/embed/tomcat-embed-el/10.1.42/tomcat-embed-el-10.1.42.jar:/Users/johnbrixpomoy/.m2/repository/org/hibernate/validator/hibernate-validator/8.0.2.Final/hibernate-validator-8.0.2.Final.jar:/Users/johnbrixpomoy/.m2/repository/jakarta/validation/jakarta.validation-api/3.0.2/jakarta.validation-api-3.0.2.jar:"/>
    <property name="java.vm.vendor" value="Oracle Corporation"/>
    <property name="sun.arch.data.model" value="64"/>
    <property name="java.vendor.url" value="https://java.oracle.com/"/>
    <property name="user.timezone" value="Asia/Manila"/>
    <property name="org.jboss.logging.provider" value="slf4j"/>
    <property name="os.name" value="Mac OS X"/>
    <property name="java.vm.specification.version" value="21"/>
    <property name="APPLICATION_NAME" value="demo"/>
    <property name="sun.java.launcher" value="SUN_STANDARD"/>
    <property name="user.country" value="PH"/>
    <property name="sun.boot.library.path" value="/Library/Java/JavaVirtualMachines/jdk-21.jdk/Contents/Home/lib"/>
    <property name="sun.java.command" value="/Users/johnbrixpomoy/Documents/Github/spring-boot-virtual-threads-boilerplate/target/surefire/surefirebooter5598471621218130457.jar /Users/johnbrixpomoy/Documents/Github/spring-boot-virtual-threads-boilerplate/target/surefire 2025-07-14T23-11-58_319-jvmRun1 surefire6590096639022470371tmp surefire_01617415729897041621tmp"/>
    <property name="http.nonProxyHosts" value="local|*.local|169.254/16|*.169.254/16"/>
    <property name="jdk.debug" value="release"/>
    <property name="surefire.test.class.path" value="/Users/johnbrixpomoy/Documents/Github/spring-boot-virtual-threads-boilerplate/target/test-classes:/Users/johnbrixpomoy/Documents/Github/spring-boot-virtual-threads-boilerplate/target/classes:/Users/johnbrixpomoy/.m2/repository/org/springframework/boot/spring-boot-starter-data-jpa/3.4.7-SNAPSHOT/spring-boot-starter-data-jpa-3.4.7-SNAPSHOT.jar:/Users/johnbrixpomoy/.m2/repository/org/springframework/boot/spring-boot-starter/3.4.7-SNAPSHOT/spring-boot-starter-3.4.7-SNAPSHOT.jar:/Users/johnbrixpomoy/.m2/repository/org/springframework/boot/spring-boot/3.4.7-SNAPSHOT/spring-boot-3.4.7-SNAPSHOT.jar:/Users/johnbrixpomoy/.m2/repository/org/springframework/boot/spring-boot-autoconfigure/3.4.7-SNAPSHOT/spring-boot-autoconfigure-3.4.7-SNAPSHOT.jar:/Users/johnbrixpomoy/.m2/repository/org/springframework/boot/spring-boot-starter-logging/3.4.7-SNAPSHOT/spring-boot-starter-logging-3.4.7-SNAPSHOT.jar:/Users/johnbrixpomoy/.m2/repository/org/apache/logging/log4j/log4j-to-slf4j/2.24.3/log4j-to-slf4j-2.24.3.jar:/Users/johnbrixpomoy/.m2/repository/org/apache/logging/log4j/log4j-api/2.24.3/log4j-api-2.24.3.jar:/Users/johnbrixpomoy/.m2/repository/org/slf4j/jul-to-slf4j/2.0.17/jul-to-slf4j-2.0.17.jar:/Users/johnbrixpomoy/.m2/repository/jakarta/annotation/jakarta.annotation-api/2.1.1/jakarta.annotation-api-2.1.1.jar:/Users/johnbrixpomoy/.m2/repository/org/yaml/snakeyaml/2.3/snakeyaml-2.3.jar:/Users/johnbrixpomoy/.m2/repository/org/springframework/boot/spring-boot-starter-jdbc/3.4.7-SNAPSHOT/spring-boot-starter-jdbc-3.4.7-SNAPSHOT.jar:/Users/johnbrixpomoy/.m2/repository/com/zaxxer/HikariCP/5.1.0/HikariCP-5.1.0.jar:/Users/johnbrixpomoy/.m2/repository/org/springframework/spring-jdbc/6.2.8/spring-jdbc-6.2.8.jar:/Users/johnbrixpomoy/.m2/repository/org/hibernate/orm/hibernate-core/6.6.18.Final/hibernate-core-6.6.18.Final.jar:/Users/johnbrixpomoy/.m2/repository/jakarta/persistence/jakarta.persistence-api/3.1.0/jakarta.persistence-api-3.1.0.jar:/Users/johnbrixpomoy/.m2/repository/jakarta/transaction/jakarta.transaction-api/2.0.1/jakarta.transaction-api-2.0.1.jar:/Users/johnbrixpomoy/.m2/repository/org/jboss/logging/jboss-logging/3.6.1.Final/jboss-logging-3.6.1.Final.jar:/Users/johnbrixpomoy/.m2/repository/org/hibernate/common/hibernate-commons-annotations/7.0.3.Final/hibernate-commons-annotations-7.0.3.Final.jar:/Users/johnbrixpomoy/.m2/repository/io/smallrye/jandex/3.2.0/jandex-3.2.0.jar:/Users/johnbrixpomoy/.m2/repository/com/fasterxml/classmate/1.7.0/classmate-1.7.0.jar:/Users/johnbrixpomoy/.m2/repository/net/bytebuddy/byte-buddy/1.15.11/byte-buddy-1.15.11.jar:/Users/johnbrixpomoy/.m2/repository/org/glassfish/jaxb/jaxb-runtime/4.0.5/jaxb-runtime-4.0.5.jar:/Users/johnbrixpomoy/.m2/repository/org/glassfish/jaxb/jaxb-core/4.0.5/jaxb-core-4.0.5.jar:/Users/johnbrixpomoy/.m2/repository/org/eclipse/angus/angus-activation/2.0.2/angus-activation-2.0.2.jar:/Users/johnbrixpomoy/.m2/repository/org/glassfish/jaxb/txw2/4.0.5/txw2-4.0.5.jar:/Users/johnbrixpomoy/.m2/repository/com/sun/istack/istack-commons-runtime/4.1.2/istack-commons-runtime-4.1.2.jar:/Users/johnbrixpomoy/.m2/repository/jakarta/inject/jakarta.inject-api/2.0.1/jakarta.inject-api-2.0.1.jar:/Users/johnbrixpomoy/.m2/repository/org/antlr/antlr4-runtime/4.13.0/antlr4-runtime-4.13.0.jar:/Users/johnbrixpomoy/.m2/repository/org/springframework/data/spring-data-jpa/3.4.7/spring-data-jpa-3.4.7.jar:/Users/johnbrixpomoy/.m2/repository/org/springframework/data/spring-data-commons/3.4.7/spring-data-commons-3.4.7.jar:/Users/johnbrixpomoy/.m2/repository/org/springframework/spring-orm/6.2.8/spring-orm-6.2.8.jar:/Users/johnbrixpomoy/.m2/repository/org/springframework/spring-context/6.2.8/spring-context-6.2.8.jar:/Users/johnbrixpomoy/.m2/repository/org/springframework/spring-tx/6.2.8/spring-tx-6.2.8.jar:/Users/johnbrixpomoy/.m2/repository/org/springframework/spring-beans/6.2.8/spring-beans-6.2.8.jar:/Users/johnbrixpomoy/.m2/repository/org/springframework/spring-aspects/6.2.8/spring-aspects-6.2.8.jar:/Users/johnbrixpomoy/.m2/repository/org/aspectj/aspectjweaver/1.9.24/aspectjweaver-1.9.24.jar:/Users/johnbrixpomoy/.m2/repository/org/springframework/boot/spring-boot-starter-web/3.4.7-SNAPSHOT/spring-boot-starter-web-3.4.7-SNAPSHOT.jar:/Users/johnbrixpomoy/.m2/repository/org/springframework/boot/spring-boot-starter-json/3.4.7-SNAPSHOT/spring-boot-starter-json-3.4.7-SNAPSHOT.jar:/Users/johnbrixpomoy/.m2/repository/com/fasterxml/jackson/core/jackson-databind/2.18.4/jackson-databind-2.18.4.jar:/Users/johnbrixpomoy/.m2/repository/com/fasterxml/jackson/core/jackson-annotations/2.18.4/jackson-annotations-2.18.4.jar:/Users/johnbrixpomoy/.m2/repository/com/fasterxml/jackson/core/jackson-core/2.18.4.1/jackson-core-2.18.4.1.jar:/Users/johnbrixpomoy/.m2/repository/com/fasterxml/jackson/datatype/jackson-datatype-jdk8/2.18.4/jackson-datatype-jdk8-2.18.4.jar:/Users/johnbrixpomoy/.m2/repository/com/fasterxml/jackson/datatype/jackson-datatype-jsr310/2.18.4/jackson-datatype-jsr310-2.18.4.jar:/Users/johnbrixpomoy/.m2/repository/com/fasterxml/jackson/module/jackson-module-parameter-names/2.18.4/jackson-module-parameter-names-2.18.4.jar:/Users/johnbrixpomoy/.m2/repository/org/springframework/boot/spring-boot-starter-tomcat/3.4.7-SNAPSHOT/spring-boot-starter-tomcat-3.4.7-SNAPSHOT.jar:/Users/johnbrixpomoy/.m2/repository/org/apache/tomcat/embed/tomcat-embed-core/10.1.42/tomcat-embed-core-10.1.42.jar:/Users/johnbrixpomoy/.m2/repository/org/apache/tomcat/embed/tomcat-embed-websocket/10.1.42/tomcat-embed-websocket-10.1.42.jar:/Users/johnbrixpomoy/.m2/repository/org/springframework/spring-web/6.2.8/spring-web-6.2.8.jar:/Users/johnbrixpomoy/.m2/repository/org/springframework/spring-webmvc/6.2.8/spring-webmvc-6.2.8.jar:/Users/johnbrixpomoy/.m2/repository/org/springframework/spring-expression/6.2.8/spring-expression-6.2.8.jar:/Users/johnbrixpomoy/.m2/repository/com/mysql/mysql-connector-j/9.1.0/mysql-connector-j-9.1.0.jar:/Users/johnbrixpomoy/.m2/repository/org/projectlombok/lombok/1.18.38/lombok-1.18.38.jar:/Users/johnbrixpomoy/.m2/repository/org/springframework/boot/spring-boot-starter-test/3.4.7-SNAPSHOT/spring-boot-starter-test-3.4.7-SNAPSHOT.jar:/Users/johnbrixpomoy/.m2/repository/org/springframework/boot/spring-boot-test/3.4.7-SNAPSHOT/spring-boot-test-3.4.7-SNAPSHOT.jar:/Users/johnbrixpomoy/.m2/repository/org/springframework/boot/spring-boot-test-autoconfigure/3.4.7-SNAPSHOT/spring-boot-test-autoconfigure-3.4.7-SNAPSHOT.jar:/Users/johnbrixpomoy/.m2/repository/com/jayway/jsonpath/json-path/2.9.0/json-path-2.9.0.jar:/Users/johnbrixpomoy/.m2/repository/jakarta/xml/bind/jakarta.xml.bind-api/4.0.2/jakarta.xml.bind-api-4.0.2.jar:/Users/johnbrixpomoy/.m2/repository/jakarta/activation/jakarta.activation-api/2.1.3/jakarta.activation-api-2.1.3.jar:/Users/johnbrixpomoy/.m2/repository/net/minidev/json-smart/2.5.2/json-smart-2.5.2.jar:/Users/johnbrixpomoy/.m2/repository/net/minidev/accessors-smart/2.5.2/accessors-smart-2.5.2.jar:/Users/johnbrixpomoy/.m2/repository/org/ow2/asm/asm/9.7.1/asm-9.7.1.jar:/Users/johnbrixpomoy/.m2/repository/org/assertj/assertj-core/3.26.3/assertj-core-3.26.3.jar:/Users/johnbrixpomoy/.m2/repository/org/awaitility/awaitility/4.2.2/awaitility-4.2.2.jar:/Users/johnbrixpomoy/.m2/repository/org/hamcrest/hamcrest/2.2/hamcrest-2.2.jar:/Users/johnbrixpomoy/.m2/repository/org/junit/jupiter/junit-jupiter/5.11.4/junit-jupiter-5.11.4.jar:/Users/johnbrixpomoy/.m2/repository/org/junit/jupiter/junit-jupiter-api/5.11.4/junit-jupiter-api-5.11.4.jar:/Users/johnbrixpomoy/.m2/repository/org/opentest4j/opentest4j/1.3.0/opentest4j-1.3.0.jar:/Users/johnbrixpomoy/.m2/repository/org/junit/platform/junit-platform-commons/1.11.4/junit-platform-commons-1.11.4.jar:/Users/johnbrixpomoy/.m2/repository/org/apiguardian/apiguardian-api/1.1.2/apiguardian-api-1.1.2.jar:/Users/johnbrixpomoy/.m2/repository/org/junit/jupiter/junit-jupiter-params/5.11.4/junit-jupiter-params-5.11.4.jar:/Users/johnbrixpomoy/.m2/repository/org/junit/jupiter/junit-jupiter-engine/5.11.4/junit-jupiter-engine-5.11.4.jar:/Users/johnbrixpomoy/.m2/repository/org/junit/platform/junit-platform-engine/1.11.4/junit-platform-engine-1.11.4.jar:/Users/johnbrixpomoy/.m2/repository/org/mockito/mockito-core/5.14.2/mockito-core-5.14.2.jar:/Users/johnbrixpomoy/.m2/repository/net/bytebuddy/byte-buddy-agent/1.15.11/byte-buddy-agent-1.15.11.jar:/Users/johnbrixpomoy/.m2/repository/org/objenesis/objenesis/3.3/objenesis-3.3.jar:/Users/johnbrixpomoy/.m2/repository/org/mockito/mockito-junit-jupiter/5.14.2/mockito-junit-jupiter-5.14.2.jar:/Users/johnbrixpomoy/.m2/repository/org/skyscreamer/jsonassert/1.5.3/jsonassert-1.5.3.jar:/Users/johnbrixpomoy/.m2/repository/com/vaadin/external/google/android-json/0.0.20131108.vaadin1/android-json-0.0.20131108.vaadin1.jar:/Users/johnbrixpomoy/.m2/repository/org/springframework/spring-core/6.2.8/spring-core-6.2.8.jar:/Users/johnbrixpomoy/.m2/repository/org/springframework/spring-jcl/6.2.8/spring-jcl-6.2.8.jar:/Users/johnbrixpomoy/.m2/repository/org/springframework/spring-test/6.2.8/spring-test-6.2.8.jar:/Users/johnbrixpomoy/.m2/repository/org/xmlunit/xmlunit-core/2.10.2/xmlunit-core-2.10.2.jar:/Users/johnbrixpomoy/.m2/repository/org/springframework/boot/spring-boot-starter-actuator/3.4.7-SNAPSHOT/spring-boot-starter-actuator-3.4.7-SNAPSHOT.jar:/Users/johnbrixpomoy/.m2/repository/org/springframework/boot/spring-boot-actuator-autoconfigure/3.4.7-SNAPSHOT/spring-boot-actuator-autoconfigure-3.4.7-SNAPSHOT.jar:/Users/johnbrixpomoy/.m2/repository/org/springframework/boot/spring-boot-actuator/3.4.7-SNAPSHOT/spring-boot-actuator-3.4.7-SNAPSHOT.jar:/Users/johnbrixpomoy/.m2/repository/io/micrometer/micrometer-observation/1.14.8/micrometer-observation-1.14.8.jar:/Users/johnbrixpomoy/.m2/repository/io/micrometer/micrometer-commons/1.14.8/micrometer-commons-1.14.8.jar:/Users/johnbrixpomoy/.m2/repository/io/micrometer/micrometer-jakarta9/1.14.8/micrometer-jakarta9-1.14.8.jar:/Users/johnbrixpomoy/.m2/repository/org/mapstruct/mapstruct/1.5.5.Final/mapstruct-1.5.5.Final.jar:/Users/johnbrixpomoy/.m2/repository/org/mapstruct/mapstruct-processor/1.5.5.Final/mapstruct-processor-1.5.5.Final.jar:/Users/johnbrixpomoy/.m2/repository/org/mapstruct/mapstruct-jdk8/1.5.5.Final/mapstruct-jdk8-1.5.5.Final.jar:/Users/johnbrixpomoy/.m2/repository/org/projectlombok/lombok-mapstruct-binding/0.2.0/lombok-mapstruct-binding-0.2.0.jar:/Users/johnbrixpomoy/.m2/repository/ch/qos/logback/logback-classic/1.5.18/logback-classic-1.5.18.jar:/Users/johnbrixpomoy/.m2/repository/ch/qos/logback/logback-core/1.5.18/logback-core-1.5.18.jar:/Users/johnbrixpomoy/.m2/repository/org/slf4j/slf4j-api/2.0.17/slf4j-api-2.0.17.jar:/Users/johnbrixpomoy/.m2/repository/org/springframework/boot/spring-boot-starter-security/3.4.7-SNAPSHOT/spring-boot-starter-security-3.4.7-SNAPSHOT.jar:/Users/johnbrixpomoy/.m2/repository/org/springframework/spring-aop/6.2.8/spring-aop-6.2.8.jar:/Users/johnbrixpomoy/.m2/repository/org/springframework/security/spring-security-config/6.4.7/spring-security-config-6.4.7.jar:/Users/johnbrixpomoy/.m2/repository/org/springframework/security/spring-security-core/6.4.7/spring-security-core-6.4.7.jar:/Users/johnbrixpomoy/.m2/repository/org/springframework/security/spring-security-crypto/6.4.7/spring-security-crypto-6.4.7.jar:/Users/johnbrixpomoy/.m2/repository/org/springframework/security/spring-security-web/6.4.7/spring-security-web-6.4.7.jar:/Users/johnbrixpomoy/.m2/repository/io/micrometer/micrometer-registry-prometheus/1.14.8/micrometer-registry-prometheus-1.14.8.jar:/Users/johnbrixpomoy/.m2/repository/io/micrometer/micrometer-core/1.14.8/micrometer-core-1.14.8.jar:/Users/johnbrixpomoy/.m2/repository/org/hdrhistogram/HdrHistogram/2.2.2/HdrHistogram-2.2.2.jar:/Users/johnbrixpomoy/.m2/repository/org/latencyutils/LatencyUtils/2.0.3/LatencyUtils-2.0.3.jar:/Users/johnbrixpomoy/.m2/repository/io/prometheus/prometheus-metrics-core/1.3.8/prometheus-metrics-core-1.3.8.jar:/Users/johnbrixpomoy/.m2/repository/io/prometheus/prometheus-metrics-model/1.3.8/prometheus-metrics-model-1.3.8.jar:/Users/johnbrixpomoy/.m2/repository/io/prometheus/prometheus-metrics-config/1.3.8/prometheus-metrics-config-1.3.8.jar:/Users/johnbrixpomoy/.m2/repository/io/prometheus/prometheus-metrics-tracer-common/1.3.8/prometheus-metrics-tracer-common-1.3.8.jar:/Users/johnbrixpomoy/.m2/repository/io/prometheus/prometheus-metrics-exposition-formats/1.3.8/prometheus-metrics-exposition-formats-1.3.8.jar:/Users/johnbrixpomoy/.m2/repository/io/prometheus/prometheus-metrics-exposition-formats-no-protobuf/1.3.8/prometheus-metrics-exposition-formats-no-protobuf-1.3.8.jar:/Users/johnbrixpomoy/.m2/repository/io/prometheus/prometheus-metrics-exposition-textformats/1.3.8/prometheus-metrics-exposition-textformats-1.3.8.jar:/Users/johnbrixpomoy/.m2/repository/com/google/protobuf/protobuf-java/4.31.0/protobuf-java-4.31.0.jar:/Users/johnbrixpomoy/.m2/repository/org/mockito/mockito-inline/4.6.1/mockito-inline-4.6.1.jar:/Users/johnbrixpomoy/.m2/repository/org/springframework/boot/spring-boot-starter-validation/3.4.7-SNAPSHOT/spring-boot-starter-validation-3.4.7-SNAPSHOT.jar:/Users/johnbrixpomoy/.m2/repository/org/apache/tomcat/embed/tomcat-embed-el/10.1.42/tomcat-embed-el-10.1.42.jar:/Users/johnbrixpomoy/.m2/repository/org/hibernate/validator/hibernate-validator/8.0.2.Final/hibernate-validator-8.0.2.Final.jar:/Users/johnbrixpomoy/.m2/repository/jakarta/validation/jakarta.validation-api/3.0.2/jakarta.validation-api-3.0.2.jar:"/>
    <property name="sun.cpu.endian" value="little"/>
    <property name="user.home" value="/Users/johnbrixpomoy"/>
    <property name="user.language" value="en"/>
    <property name="java.specification.vendor" value="Oracle Corporation"/>
    <property name="reactor.schedulers.defaultBoundedElasticOnVirtualThreads" value="true"/>
    <property name="java.version.date" value="2025-04-15"/>
    <property name="java.home" value="/Library/Java/JavaVirtualMachines/jdk-21.jdk/Contents/Home"/>
    <property name="file.separator" value="/"/>
    <property name="basedir" value="/Users/johnbrixpomoy/Documents/Github/spring-boot-virtual-threads-boilerplate"/>
    <property name="java.vm.compressedOopsMode" value="Zero based"/>
    <property name="line.separator" value="&#10;"/>
    <property name="java.vm.specification.vendor" value="Oracle Corporation"/>
    <property name="java.specification.name" value="Java Platform API Specification"/>
    <property name="FILE_LOG_CHARSET" value="UTF-8"/>
    <property name="java.awt.headless" value="true"/>
    <property name="apple.awt.application.name" value="ForkedBooter"/>
    <property name="surefire.real.class.path" value="/Users/johnbrixpomoy/Documents/Github/spring-boot-virtual-threads-boilerplate/target/surefire/surefirebooter5598471621218130457.jar"/>
    <property name="junit.platform.listeners.uid.tracking.enabled" value="true"/>
    <property name="sun.management.compiler" value="HotSpot 64-Bit Tiered Compilers"/>
    <property name="ftp.nonProxyHosts" value="local|*.local|169.254/16|*.169.254/16"/>
    <property name="junit.platform.listeners.uid.tracking.output.dir" value="/Users/johnbrixpomoy/Documents/Github/spring-boot-virtual-threads-boilerplate/target/test-ids"/>
    <property name="java.runtime.version" value="21.0.7+8-LTS-245"/>
    <property name="user.name" value="johnbrixpomoy"/>
    <property name="stdout.encoding" value="UTF-8"/>
    <property name="path.separator" value=":"/>
    <property name="os.version" value="15.1"/>
    <property name="java.runtime.name" value="Java(TM) SE Runtime Environment"/>
    <property name="file.encoding" value="UTF-8"/>
    <property name="java.vm.name" value="Java HotSpot(TM) 64-Bit Server VM"/>
    <property name="localRepository" value="/Users/johnbrixpomoy/.m2/repository"/>
    <property name="java.vendor.url.bug" value="https://bugreport.java.com/bugreport/"/>
    <property name="java.io.tmpdir" value="/var/folders/mf/jvxmtyc51p52l1cy3837pvhh0000gn/T/"/>
    <property name="idea.version" value="2025.1"/>
    <property name="com.zaxxer.hikari.pool_number" value="2"/>
    <property name="java.version" value="21.0.7"/>
    <property name="user.dir" value="/Users/johnbrixpomoy/Documents/Github/spring-boot-virtual-threads-boilerplate"/>
    <property name="os.arch" value="aarch64"/>
    <property name="java.vm.specification.name" value="Java Virtual Machine Specification"/>
    <property name="PID" value="15686"/>
    <property name="CONSOLE_LOG_CHARSET" value="UTF-8"/>
    <property name="native.encoding" value="UTF-8"/>
    <property name="java.library.path" value="/Users/johnbrixpomoy/Library/Java/Extensions:/Library/Java/Extensions:/Network/Library/Java/Extensions:/System/Library/Java/Extensions:/usr/lib/java:."/>
    <property name="java.vm.info" value="mixed mode, sharing"/>
    <property name="stderr.encoding" value="UTF-8"/>
    <property name="java.vendor" value="Oracle Corporation"/>
    <property name="java.vm.version" value="21.0.7+8-LTS-245"/>
    <property name="sun.io.unicode.encoding" value="UnicodeBig"/>
    <property name="socksNonProxyHosts" value="local|*.local|169.254/16|*.169.254/16"/>
    <property name="java.class.version" value="65.0"/>
    <property name="LOGGED_APPLICATION_NAME" value="[demo] "/>
  </properties>
  <testcase name="testAddProduct" classname="com.virtual.threads.service.ProductServiceImplTest" time="0.223">
    <system-out><![CDATA[2025-07-14T23:12:03.961+08:00  INFO 15686 --- [demo] [           main] c.v.t.service.impl.ProductServiceImpl    : Product Entity: Product(id=1, name=foo, price=150.5, posTerminal=null, createdAt=2025-07-14T23:12:03.956999)
]]></system-out>
  </testcase>
  <testcase name="testAddProductThenReturnUserIdNotFound" classname="com.virtual.threads.service.ProductServiceImplTest" time="0.003">
    <system-out><![CDATA[2025-07-14T23:12:03.966+08:00  INFO 15686 --- [demo] [           main] c.v.t.service.impl.ProductServiceImpl    : Product Entity: Product(id=1, name=foo, price=150.5, posTerminal=null, createdAt=2025-07-14T23:12:03.965652)
]]></system-out>
  </testcase>
</testsuite>